TN:
SF:lib\allocationEngine.js
FN:32,calculatePriorityScore
FN:82,allocateStock
FN:86,anonymous_2
FN:88,anonymous_3
FN:98,anonymous_4
FN:99,anonymous_5
FN:150,allocateStockFIFO
FN:224,compareSmartVsFIFO
FN:284,generateDecisionLog
FN:287,anonymous_9
FN:288,anonymous_10
FN:297,anonymous_11
FN:327,anonymous_12
FN:154,anonymous_13
FN:156,anonymous_14
FN:164,anonymous_15
FN:165,anonymous_16
FN:229,anonymous_17
FN:232,anonymous_18
FN:233,anonymous_19
FN:234,anonymous_20
FN:237,anonymous_21
FN:238,anonymous_22
FN:239,anonymous_23
FN:252,anonymous_24
FN:255,anonymous_25
FNDA:30,calculatePriorityScore
FNDA:19,allocateStock
FNDA:16,anonymous_2
FNDA:5,anonymous_3
FNDA:11,anonymous_4
FNDA:10,anonymous_5
FNDA:6,allocateStockFIFO
FNDA:2,compareSmartVsFIFO
FNDA:4,generateDecisionLog
FNDA:5,anonymous_9
FNDA:3,anonymous_10
FNDA:7,anonymous_11
FNDA:3,anonymous_12
FNDA:5,anonymous_13
FNDA:2,anonymous_14
FNDA:3,anonymous_15
FNDA:3,anonymous_16
FNDA:2,anonymous_17
FNDA:1,anonymous_18
FNDA:2,anonymous_19
FNDA:1,anonymous_20
FNDA:1,anonymous_21
FNDA:2,anonymous_22
FNDA:1,anonymous_23
FNDA:2,anonymous_24
FNDA:2,anonymous_25
FNF:26
FNH:26
BRDA:1,0,0,2
BRDA:32,1,0,30
BRDA:43,2,0,23
BRDA:44,3,0,13
BRDA:33,4,0,20
BRDA:33,5,0,2
BRDA:33,6,0,20
BRDA:35,7,0,4
BRDA:37,8,0,8
BRDA:39,9,0,7
BRDA:50,10,0,20
BRDA:52,11,0,12
BRDA:54,12,0,11
BRDA:62,13,0,20
BRDA:82,14,0,12
BRDA:103,15,0,2
BRDA:106,16,0,19
BRDA:116,17,0,2
BRDA:83,18,0,10
BRDA:83,19,0,1
BRDA:83,20,0,10
BRDA:104,21,0,0
BRDA:107,22,0,0
BRDA:109,23,0,1
BRDA:110,24,0,2
BRDA:110,25,0,13
BRDA:112,26,0,4
BRDA:116,27,0,7
BRDA:120,28,0,6
BRDA:120,29,0,2
BRDA:124,30,0,13
BRDA:134,31,0,10
BRDA:86,32,0,16
BRDA:86,33,0,13
BRDA:86,34,0,2
BRDA:88,35,0,5
BRDA:90,36,0,3
BRDA:90,37,0,1
BRDA:91,38,0,1
BRDA:91,39,0,0
BRDA:92,40,0,1
BRDA:92,41,0,1
BRDA:92,42,0,0
BRDA:98,43,0,11
BRDA:99,44,0,10
BRDA:99,45,0,0
BRDA:150,46,0,6
BRDA:151,47,0,5
BRDA:151,48,0,1
BRDA:151,49,0,5
BRDA:170,50,0,0
BRDA:173,51,0,0
BRDA:175,52,0,0
BRDA:176,53,0,0
BRDA:178,54,0,2
BRDA:182,55,0,2
BRDA:186,56,0,3
BRDA:186,57,0,1
BRDA:200,58,0,5
BRDA:224,59,0,2
BRDA:228,60,0,0
BRDA:230,61,0,1
BRDA:269,62,0,1
BRDA:270,63,0,1
BRDA:284,64,0,4
BRDA:285,65,0,1
BRDA:285,66,0,2
BRDA:287,67,0,0
BRDA:288,68,0,0
BRDA:327,69,0,0
BRDA:287,70,0,5
BRDA:288,71,0,3
BRDA:297,72,0,7
BRDA:307,73,0,2
BRDA:301,74,0,0
BRDA:307,75,0,1
BRDA:310,76,0,2
BRDA:310,77,0,1
BRDA:327,78,0,3
BRDA:154,79,0,5
BRDA:154,80,0,0
BRDA:156,81,0,2
BRDA:157,82,0,0
BRDA:158,83,0,0
BRDA:164,84,0,3
BRDA:165,85,0,3
BRDA:165,86,0,0
BRDA:229,87,0,2
BRDA:232,88,0,1
BRDA:233,89,0,2
BRDA:234,90,0,1
BRDA:237,91,0,1
BRDA:238,92,0,2
BRDA:239,93,0,1
BRDA:252,94,0,2
BRDA:255,95,0,2
BRF:96
BRH:78
DA:1,2
DA:2,2
DA:3,2
DA:4,2
DA:5,2
DA:6,2
DA:7,2
DA:8,2
DA:9,2
DA:10,2
DA:11,2
DA:12,2
DA:13,2
DA:14,2
DA:15,2
DA:16,2
DA:17,2
DA:18,2
DA:19,2
DA:20,2
DA:21,2
DA:22,2
DA:23,2
DA:24,2
DA:25,2
DA:26,2
DA:27,2
DA:28,2
DA:29,2
DA:30,2
DA:31,2
DA:32,2
DA:33,30
DA:34,20
DA:35,30
DA:36,30
DA:37,30
DA:38,8
DA:39,8
DA:40,7
DA:41,7
DA:42,7
DA:43,7
DA:44,7
DA:45,7
DA:46,7
DA:47,7
DA:48,7
DA:49,7
DA:50,8
DA:51,20
DA:52,30
DA:53,12
DA:54,12
DA:55,11
DA:56,11
DA:57,11
DA:58,11
DA:59,11
DA:60,11
DA:61,11
DA:62,12
DA:63,20
DA:64,20
DA:65,30
DA:66,2
DA:67,2
DA:68,2
DA:69,2
DA:70,2
DA:71,2
DA:72,2
DA:73,2
DA:74,2
DA:75,2
DA:76,2
DA:77,2
DA:78,2
DA:79,2
DA:80,2
DA:81,2
DA:82,2
DA:83,12
DA:84,10
DA:85,10
DA:86,10
DA:87,10
DA:88,10
DA:89,5
DA:90,5
DA:91,5
DA:92,5
DA:93,5
DA:94,10
DA:95,10
DA:96,10
DA:97,10
DA:98,10
DA:99,10
DA:100,10
DA:101,10
DA:102,10
DA:103,12
DA:104,2
DA:105,2
DA:106,2
DA:107,19
DA:108,19
DA:109,19
DA:110,19
DA:111,13
DA:112,19
DA:113,19
DA:114,19
DA:115,19
DA:116,19
DA:117,7
DA:118,7
DA:119,7
DA:120,2
DA:121,2
DA:122,2
DA:123,2
DA:124,2
DA:125,13
DA:126,13
DA:127,13
DA:128,13
DA:129,13
DA:130,13
DA:131,13
DA:132,13
DA:133,13
DA:134,2
DA:135,10
DA:136,10
DA:137,12
DA:138,2
DA:139,2
DA:140,2
DA:141,2
DA:142,2
DA:143,2
DA:144,2
DA:145,2
DA:146,2
DA:147,2
DA:148,2
DA:149,2
DA:150,2
DA:151,6
DA:152,5
DA:153,5
DA:154,5
DA:155,5
DA:156,5
DA:157,2
DA:158,2
DA:159,2
DA:160,5
DA:161,5
DA:162,5
DA:163,5
DA:164,5
DA:165,5
DA:166,5
DA:167,5
DA:168,5
DA:169,5
DA:170,5
DA:171,5
DA:172,5
DA:173,5
DA:174,5
DA:175,5
DA:176,5
DA:177,5
DA:178,5
DA:179,5
DA:180,5
DA:181,5
DA:182,5
DA:183,2
DA:184,2
DA:185,2
DA:186,5
DA:187,1
DA:188,1
DA:189,1
DA:190,1
DA:191,5
DA:192,5
DA:193,5
DA:194,5
DA:195,5
DA:196,5
DA:197,5
DA:198,5
DA:199,5
DA:200,5
DA:201,5
DA:202,5
DA:203,6
DA:204,2
DA:205,2
DA:206,2
DA:207,2
DA:208,2
DA:209,2
DA:210,2
DA:211,2
DA:212,2
DA:213,2
DA:214,2
DA:215,2
DA:216,2
DA:217,2
DA:218,2
DA:219,2
DA:220,2
DA:221,2
DA:222,2
DA:223,2
DA:224,2
DA:225,2
DA:226,2
DA:227,2
DA:228,2
DA:229,2
DA:230,2
DA:231,2
DA:232,2
DA:233,1
DA:234,1
DA:235,2
DA:236,2
DA:237,2
DA:238,1
DA:239,1
DA:240,2
DA:241,2
DA:242,2
DA:243,2
DA:244,2
DA:245,2
DA:246,2
DA:247,2
DA:248,2
DA:249,2
DA:250,2
DA:251,2
DA:252,2
DA:253,2
DA:254,2
DA:255,2
DA:256,2
DA:257,2
DA:258,2
DA:259,2
DA:260,2
DA:261,2
DA:262,2
DA:263,2
DA:264,2
DA:265,2
DA:266,2
DA:267,2
DA:268,2
DA:269,2
DA:270,2
DA:271,2
DA:272,2
DA:273,2
DA:274,2
DA:275,2
DA:276,2
DA:277,2
DA:278,2
DA:279,2
DA:280,2
DA:281,2
DA:282,2
DA:283,2
DA:284,2
DA:285,4
DA:286,2
DA:287,4
DA:288,4
DA:289,4
DA:290,4
DA:291,4
DA:292,4
DA:293,4
DA:294,4
DA:295,4
DA:296,4
DA:297,4
DA:298,7
DA:299,7
DA:300,7
DA:301,7
DA:302,7
DA:303,7
DA:304,7
DA:305,7
DA:306,7
DA:307,7
DA:308,1
DA:309,1
DA:310,2
DA:311,1
DA:312,1
DA:313,1
DA:314,1
DA:315,1
DA:316,1
DA:317,7
DA:318,7
DA:319,7
DA:320,7
DA:321,7
DA:322,7
DA:323,7
DA:324,4
DA:325,4
DA:326,4
DA:327,4
DA:328,3
DA:329,3
DA:330,3
DA:331,3
DA:332,3
DA:333,3
DA:334,3
DA:335,3
DA:336,4
DA:337,4
DA:338,4
DA:339,4
LH:339
LF:339
end_of_record
SF:lib\constants.js
FNF:0
FNH:0
BRDA:1,0,0,3
BRF:1
BRH:1
DA:1,3
DA:2,3
DA:3,3
DA:4,3
DA:5,3
DA:6,3
DA:7,3
DA:8,3
DA:9,3
DA:10,3
DA:11,3
DA:12,3
DA:13,3
DA:14,3
DA:15,3
DA:16,3
DA:17,3
DA:18,3
DA:19,3
DA:20,3
DA:21,3
DA:22,3
DA:23,3
DA:24,3
DA:25,3
DA:26,3
DA:27,3
DA:28,3
DA:29,3
DA:30,3
DA:31,3
DA:32,3
DA:33,3
DA:34,3
DA:35,3
DA:36,3
DA:37,3
DA:38,3
DA:39,3
DA:40,3
DA:41,3
DA:42,3
DA:43,3
DA:44,3
DA:45,3
DA:46,3
DA:47,3
DA:48,3
DA:49,3
DA:50,3
DA:51,3
DA:52,3
DA:53,3
DA:54,3
DA:55,3
DA:56,3
DA:57,3
DA:58,3
DA:59,3
DA:60,3
DA:61,3
DA:62,3
DA:63,3
DA:64,3
DA:65,3
DA:66,3
DA:67,3
DA:68,3
DA:69,3
DA:70,3
DA:71,3
DA:72,3
DA:73,3
DA:74,3
DA:75,3
DA:76,3
DA:77,3
DA:78,3
DA:79,3
DA:80,3
DA:81,3
DA:82,3
DA:83,3
DA:84,3
DA:85,3
DA:86,3
DA:87,3
DA:88,3
DA:89,3
DA:90,3
DA:91,3
DA:92,3
DA:93,3
DA:94,3
DA:95,3
DA:96,3
DA:97,3
DA:98,3
DA:99,3
DA:100,3
DA:101,3
DA:102,3
DA:103,3
DA:104,3
DA:105,3
DA:106,3
DA:107,3
DA:108,3
DA:109,3
DA:110,3
DA:111,3
DA:112,3
DA:113,3
DA:114,3
DA:115,3
DA:116,3
DA:117,3
DA:118,3
DA:119,3
DA:120,3
DA:121,3
DA:122,3
DA:123,3
DA:124,3
DA:125,3
DA:126,3
DA:127,3
DA:128,3
DA:129,3
DA:130,3
DA:131,3
DA:132,3
DA:133,3
DA:134,3
DA:135,3
DA:136,3
DA:137,3
DA:138,3
DA:139,3
DA:140,3
DA:141,3
DA:142,3
DA:143,3
DA:144,3
DA:145,3
DA:146,3
DA:147,3
DA:148,3
DA:149,3
DA:150,3
DA:151,3
DA:152,3
DA:153,3
DA:154,3
DA:155,3
DA:156,3
DA:157,3
DA:158,3
DA:159,3
DA:160,3
DA:161,3
DA:162,3
DA:163,3
DA:164,3
DA:165,3
LH:165
LF:165
end_of_record
SF:lib\rateLimiter.js
FN:23,purgeStaleEntries
FN:29,anonymous_1
FN:51,checkRateLimit
FN:60,anonymous_3
FN:88,resetRateLimits
FNDA:18,purgeStaleEntries
FNDA:5,anonymous_1
FNDA:16,checkRateLimit
FNDA:12,anonymous_3
FNDA:5,resetRateLimits
FNF:5
FNH:5
BRDA:1,0,0,1
BRDA:23,1,0,18
BRDA:25,2,0,16
BRDA:25,3,0,16
BRDA:25,4,0,2
BRDA:28,5,0,4
BRDA:30,6,0,2
BRDA:35,7,0,2
BRDA:29,8,0,5
BRDA:51,9,0,16
BRDA:52,10,0,14
BRDA:52,11,0,2
BRDA:59,12,0,8
BRDA:62,13,0,2
BRDA:63,14,0,0
BRDA:72,15,0,14
BRDA:60,16,0,12
BRDA:88,17,0,5
BRF:18
BRH:17
DA:1,1
DA:2,1
DA:3,1
DA:4,1
DA:5,1
DA:6,1
DA:7,1
DA:8,1
DA:9,1
DA:10,1
DA:11,1
DA:12,1
DA:13,1
DA:14,1
DA:15,1
DA:16,1
DA:17,1
DA:18,1
DA:19,1
DA:20,1
DA:21,1
DA:22,1
DA:23,1
DA:24,18
DA:25,18
DA:26,2
DA:27,2
DA:28,18
DA:29,4
DA:30,4
DA:31,2
DA:32,2
DA:33,2
DA:34,2
DA:35,4
DA:36,18
DA:37,1
DA:38,1
DA:39,1
DA:40,1
DA:41,1
DA:42,1
DA:43,1
DA:44,1
DA:45,1
DA:46,1
DA:47,1
DA:48,1
DA:49,1
DA:50,1
DA:51,1
DA:52,16
DA:53,2
DA:54,2
DA:55,16
DA:56,16
DA:57,16
DA:58,16
DA:59,16
DA:60,16
DA:61,16
DA:62,16
DA:63,2
DA:64,2
DA:65,2
DA:66,2
DA:67,2
DA:68,2
DA:69,2
DA:70,2
DA:71,2
DA:72,2
DA:73,14
DA:74,14
DA:75,14
DA:76,14
DA:77,14
DA:78,14
DA:79,14
DA:80,14
DA:81,14
DA:82,14
DA:83,16
DA:84,1
DA:85,1
DA:86,1
DA:87,1
DA:88,1
DA:89,5
DA:90,5
LH:90
LF:90
end_of_record
SF:lib\utils.js
FN:22,getDeadlineCountdown
FN:60,sanitizeString
FN:79,formatINR
FN:92,clamp
FNDA:7,getDeadlineCountdown
FNDA:8,sanitizeString
FNDA:4,formatINR
FNDA:3,clamp
FNF:4
FNH:4
BRDA:1,0,0,2
BRDA:22,1,0,7
BRDA:23,2,0,3
BRDA:23,3,0,4
BRDA:29,4,0,1
BRDA:31,5,0,3
BRDA:37,6,0,1
BRDA:40,7,0,2
BRDA:42,8,0,1
BRDA:60,9,0,8
BRDA:61,10,0,2
BRDA:79,11,0,4
BRDA:80,12,0,3
BRDA:80,13,0,2
BRDA:92,14,0,3
BRF:15
BRH:15
DA:1,2
DA:2,2
DA:3,2
DA:4,2
DA:5,2
DA:6,2
DA:7,2
DA:8,2
DA:9,2
DA:10,2
DA:11,2
DA:12,2
DA:13,2
DA:14,2
DA:15,2
DA:16,2
DA:17,2
DA:18,2
DA:19,2
DA:20,2
DA:21,2
DA:22,2
DA:23,7
DA:24,4
DA:25,4
DA:26,4
DA:27,4
DA:28,4
DA:29,7
DA:30,1
DA:31,1
DA:32,3
DA:33,3
DA:34,3
DA:35,3
DA:36,3
DA:37,7
DA:38,1
DA:39,1
DA:40,1
DA:41,2
DA:42,7
DA:43,1
DA:44,1
DA:45,1
DA:46,1
DA:47,7
DA:48,2
DA:49,2
DA:50,2
DA:51,2
DA:52,2
DA:53,2
DA:54,2
DA:55,2
DA:56,2
DA:57,2
DA:58,2
DA:59,2
DA:60,2
DA:61,8
DA:62,2
DA:63,2
DA:64,2
DA:65,2
DA:66,2
DA:67,8
DA:68,2
DA:69,2
DA:70,2
DA:71,2
DA:72,2
DA:73,2
DA:74,2
DA:75,2
DA:76,2
DA:77,2
DA:78,2
DA:79,2
DA:80,4
DA:81,2
DA:82,4
DA:83,2
DA:84,2
DA:85,2
DA:86,2
DA:87,2
DA:88,2
DA:89,2
DA:90,2
DA:91,2
DA:92,2
DA:93,3
DA:94,3
LH:94
LF:94
end_of_record
