TN:
SF:lib\allocationEngine.js
FN:32,calculatePriorityScore
FN:82,allocateStock
FN:86,anonymous_2
FN:88,anonymous_3
FN:98,anonymous_4
FN:99,anonymous_5
FN:150,allocateStockFIFO
FN:154,anonymous_7
FN:156,anonymous_8
FN:164,anonymous_9
FN:165,anonymous_10
FN:224,compareSmartVsFIFO
FN:229,anonymous_12
FN:232,anonymous_13
FN:233,anonymous_14
FN:234,anonymous_15
FN:237,anonymous_16
FN:238,anonymous_17
FN:239,anonymous_18
FN:252,anonymous_19
FN:255,anonymous_20
FN:284,generateDecisionLog
FN:287,anonymous_22
FN:288,anonymous_23
FN:297,anonymous_24
FN:327,anonymous_25
FNDA:30,calculatePriorityScore
FNDA:19,allocateStock
FNDA:19,allocateStockFIFO
FNDA:4,compareSmartVsFIFO
FNDA:4,generateDecisionLog
FNF:28
FNH:28
DA:32,30
DA:82,19
DA:150,19
DA:224,4
DA:284,4
LF:340
LH:340
end_of_record
TN:
SF:lib\constants.js
FNF:0
FNH:0
LF:166
LH:166
end_of_record
TN:
SF:lib\rateLimiter.js
FN:23,purgeStaleEntries
FN:39,checkRateLimit
FN:88,resetRateLimits
FNDA:3,purgeStaleEntries
FNDA:16,checkRateLimit
FNDA:5,resetRateLimits
FNF:3
FNH:3
DA:23,3
DA:39,16
DA:88,5
LF:91
LH:91
end_of_record
TN:
SF:lib\utils.js
FN:22,getDeadlineCountdown
FN:60,sanitizeString
FN:79,formatINR
FN:92,clamp
FNDA:6,getDeadlineCountdown
FNDA:8,sanitizeString
FNDA:2,formatINR
FNDA:2,clamp
FNF:4
FNH:4
DA:22,6
DA:60,8
DA:79,2
DA:92,2
LF:95
LH:95
end_of_record
